0 info it worked if it ends with ok
1 verbose cli [ '/root/.nvm/versions/node/v0.12.7/bin/node',
1 verbose cli   '/root/.nvm/versions/node/v0.12.7/bin/npm',
1 verbose cli   'start' ]
2 info using npm@2.11.3
3 info using node@v0.12.7
4 verbose stack Error: ENOENT, open '/root/kGarten/package.json'
4 verbose stack     at Error (native)
5 verbose cwd /root/kGarten
6 error Linux 2.6.32-504.el6.x86_64
7 error argv "/root/.nvm/versions/node/v0.12.7/bin/node" "/root/.nvm/versions/node/v0.12.7/bin/npm" "start"
8 error node v0.12.7
9 error npm  v2.11.3
10 error path /root/kGarten/package.json
11 error code ENOENT
12 error errno -2
13 error enoent ENOENT, open '/root/kGarten/package.json'
13 error enoent This is most likely not a problem with npm itself
13 error enoent and is related to npm not being able to find a file.
14 verbose exit [ -2, true ]
